C51 COMPILER V9.59.0.0   ONEWIRE                                                           02/02/2023 01:27:07 PAGE 1   


C51 COMPILER V9.59.0.0, COMPILATION OF MODULE ONEWIRE
OBJECT MODULE PLACED IN .\Objects\OneWire.obj
COMPILER INVOKED BY: D:\harddevelopment\keilC51\C51\BIN\C51.EXE OneWire.c OPTIMIZE(8,SPEED) BROWSE DEBUG OBJECTEXTEND PR
                    -INT(.\Listings\OneWire.lst) TABS(2) OBJECT(.\Objects\OneWire.obj)

line level    source

   1          #include <REGX52.H>
   2          
   3          sbit OneWire_DQ=P3^7;
   4          
   5          unsigned char OneWire_Init(void)
   6          {
   7   1        unsigned char i;
   8   1        unsigned char AckBit;
   9   1        //屏蔽中断
  10   1        EA=0;
  11   1        OneWire_DQ=1;
  12   1        OneWire_DQ=0;
  13   1        
  14   1        //Delay 500us
  15   1        i = 227;while (--i);
  16   1        
  17   1        OneWire_DQ=1;
  18   1        
  19   1        //Delay 70us
  20   1        i = 29;while (--i);
  21   1        
  22   1        AckBit=OneWire_DQ;
  23   1        
  24   1        //Delay 500us
  25   1        i = 227;while (--i);
  26   1        
  27   1        EA=1;
  28   1        return AckBit;
  29   1      }
  30          
  31          void OneWire_SendBit(unsigned char Bit)
  32          {
  33   1        unsigned char i;
  34   1        EA=0;
  35   1        OneWire_DQ=0;
  36   1        i = 3;while (--i); //Delay 10us
  37   1        OneWire_DQ=Bit;
  38   1        i = 22;while (--i);//Delay 50us
  39   1        OneWire_DQ=1;
  40   1        EA=1;
  41   1      }
  42          
  43          unsigned char OneWire_ReciveBit(void)
  44          {
  45   1        unsigned char i;
  46   1        unsigned char Bit;
  47   1        EA=0;
  48   1        OneWire_DQ=0;
  49   1        i = 1;while (--i);//Delay 5us
  50   1        OneWire_DQ=1;
  51   1        i = 1;while (--i);//Delay 5us
  52   1        Bit=OneWire_DQ;
  53   1        i = 22;while (--i);//Delay 50us
  54   1        EA=1;
C51 COMPILER V9.59.0.0   ONEWIRE                                                           02/02/2023 01:27:07 PAGE 2   

  55   1        return Bit;
  56   1      }
  57          
  58          void OneWire_SendByte(unsigned char Byte)
  59          {
  60   1        unsigned char i;
  61   1        EA=0;
  62   1        for(i=0;i<8;i++)
  63   1        {
  64   2          OneWire_SendBit(Byte&(0x01<<i));
  65   2        }
  66   1        EA=1;
  67   1      }
  68          
  69          unsigned char OneWire_ReciveByte(void)
  70          {
  71   1        unsigned char i;
  72   1        unsigned char Byte=0x00;
  73   1        EA=0;
  74   1        for(i=0;i<8;i++)
  75   1        {
  76   2          if(OneWire_ReciveBit()){Byte|=(0x01<<i);}
  77   2        }
  78   1        EA=1;
  79   1        return Byte;
  80   1      }


MODULE INFORMATION:   STATIC OVERLAYABLE
   CODE SIZE        =    160    ----
   CONSTANT SIZE    =   ----    ----
   XDATA SIZE       =   ----    ----
   PDATA SIZE       =   ----    ----
   DATA SIZE        =   ----    ----
   IDATA SIZE       =   ----    ----
   BIT SIZE         =   ----    ----
END OF MODULE INFORMATION.


C51 COMPILATION COMPLETE.  0 WARNING(S),  0 ERROR(S)
