C51 COMPILER V9.59.0.0   MAIN                                                              02/05/2023 01:28:13 PAGE 1   


C51 COMPILER V9.59.0.0, COMPILATION OF MODULE MAIN
OBJECT MODULE PLACED IN .\Objects\main.obj
COMPILER INVOKED BY: D:\harddevelopment\keilC51\C51\BIN\C51.EXE main.c OPTIMIZE(8,SPEED) BROWSE DEBUG OBJECTEXTEND PRINT
                    -(.\Listings\main.lst) TABS(2) OBJECT(.\Objects\main.obj)

line level    source

   1          #include <REGX52.H>
   2          #include "Key.h"
   3          #include "Delay.h"
   4          #include "Timer0.h"
   5          #include "Nixie.h"
   6          
   7          sbit Motor=P1^0;
   8          
   9          unsigned char Counter,Compare; 
  10          unsigned char KeyNum,Speed;
  11          
  12          void main()
  13          {
  14   1        Timer0_Init();
  15   1        Compare=5;
  16   1        while(1)
  17   1        {
  18   2          KeyNum=Key();
  19   2          if(KeyNum==1)
  20   2          {
  21   3            Speed++;
  22   3            Speed%=4;
  23   3            if(Speed==0){Compare=0;}
  24   3            if(Speed==1){Compare=5;}
  25   3            if(Speed==2){Compare=50;}
  26   3            if(Speed==3){Compare=100;}
  27   3          }
  28   2          Nixie(1,Speed);
  29   2        }
  30   1      }
  31          
  32          void Timer0_Routine() interrupt 1
  33          {
  34   1        TL0 = 0xA4;   //设置定时初值
  35   1        TH0 = 0xFF;   //设置定时初值
  36   1        Counter++;
  37   1        Counter%=100;
  38   1        if(Counter<Compare)
  39   1        {
  40   2          Motor=1;
  41   2        }else{
  42   2          Motor=0;
  43   2        }
  44   1      }


MODULE INFORMATION:   STATIC OVERLAYABLE
   CODE SIZE        =    111    ----
   CONSTANT SIZE    =   ----    ----
   XDATA SIZE       =   ----    ----
   PDATA SIZE       =   ----    ----
   DATA SIZE        =      4    ----
   IDATA SIZE       =   ----    ----
   BIT SIZE         =   ----    ----
C51 COMPILER V9.59.0.0   MAIN                                                              02/05/2023 01:28:13 PAGE 2   

END OF MODULE INFORMATION.


C51 COMPILATION COMPLETE.  0 WARNING(S),  0 ERROR(S)
