C51 COMPILER V9.59.0.0   MAIN                                                              02/02/2023 00:27:17 PAGE 1   


C51 COMPILER V9.59.0.0, COMPILATION OF MODULE MAIN
OBJECT MODULE PLACED IN .\Objects\main.obj
COMPILER INVOKED BY: D:\harddevelopment\keilC51\C51\BIN\C51.EXE main.c OPTIMIZE(8,SPEED) BROWSE DEBUG OBJECTEXTEND PRINT
                    -(.\Listings\main.lst) TABS(2) OBJECT(.\Objects\main.obj)

line level    source

   1          #include <REGX52.H>
   2          #include "LCD1602.h"
   3          #include "OneWire.h"
   4          #include "DS18B20.h"
   5          #include "Delay.h"
   6          
   7          float T;
   8          void main()
   9          {
  10   1        DS18B20_ConverT();
  11   1        Delay(1000);
  12   1        LCD_Init();
  13   1        LCD_ShowString(1,1,"Temperature:");
  14   1        while(1)
  15   1        {
  16   2          DS18B20_ConverT();
  17   2          T=DS18B20_ReadT();
  18   2          if(T<0)
  19   2          {
  20   3            LCD_ShowChar(2,1,'-');
  21   3            T=-T;
  22   3          }else
  23   2          {
  24   3            LCD_ShowChar(2,1,'+');
  25   3          }
  26   2          LCD_ShowNum(2,2,T,3);
  27   2          LCD_ShowChar(2,5,'.');
  28   2          LCD_ShowNum(2,6,(unsigned long)(T*10000)%10000,4);
  29   2        }
  30   1      }


MODULE INFORMATION:   STATIC OVERLAYABLE
   CODE SIZE        =    176    ----
   CONSTANT SIZE    =     13    ----
   XDATA SIZE       =   ----    ----
   PDATA SIZE       =   ----    ----
   DATA SIZE        =      4    ----
   IDATA SIZE       =   ----    ----
   BIT SIZE         =   ----    ----
END OF MODULE INFORMATION.


C51 COMPILATION COMPLETE.  0 WARNING(S),  0 ERROR(S)
