C51 COMPILER V9.59.0.0   ONEWIRE                                                           02/02/2023 00:21:30 PAGE 1   


C51 COMPILER V9.59.0.0, COMPILATION OF MODULE ONEWIRE
OBJECT MODULE PLACED IN .\Objects\OneWire.obj
COMPILER INVOKED BY: D:\harddevelopment\keilC51\C51\BIN\C51.EXE OneWire.c OPTIMIZE(8,SPEED) BROWSE DEBUG OBJECTEXTEND PR
                    -INT(.\Listings\OneWire.lst) TABS(2) OBJECT(.\Objects\OneWire.obj)

line level    source

   1          #include <REGX52.H>
   2          
   3          sbit OneWire_DQ=P3^7;
   4          
   5          unsigned char OneWire_Init(void)
   6          {
   7   1        unsigned char i;
   8   1        unsigned char AckBit;
   9   1        OneWire_DQ=1;
  10   1        OneWire_DQ=0;
  11   1        
  12   1        //Delay 500us
  13   1        i = 227;while (--i);
  14   1        
  15   1        OneWire_DQ=1;
  16   1        
  17   1        //Delay 70us
  18   1        i = 29;while (--i);
  19   1        
  20   1        AckBit=OneWire_DQ;
  21   1        
  22   1        //Delay 500us
  23   1        i = 227;while (--i);
  24   1        
  25   1        return AckBit;
  26   1      }
  27          
  28          void OneWire_SendBit(unsigned char Bit)
  29          {
  30   1        unsigned char i;
  31   1        OneWire_DQ=0;
  32   1        i = 3;while (--i); //Delay 10us
  33   1        OneWire_DQ=Bit;
  34   1        i = 22;while (--i);//Delay 50us
  35   1        OneWire_DQ=1;
  36   1      }
  37          
  38          unsigned char OneWire_ReciveBit(void)
  39          {
  40   1        unsigned char i;
  41   1        unsigned char Bit;
  42   1        OneWire_DQ=0;
  43   1        i = 1;while (--i);//Delay 5us
  44   1        OneWire_DQ=1;
  45   1        i = 1;while (--i);//Delay 5us
  46   1        Bit=OneWire_DQ;
  47   1        i = 22;while (--i);//Delay 50us
  48   1        return Bit;
  49   1      }
  50          
  51          void OneWire_SendByte(unsigned char Byte)
  52          {
  53   1        unsigned char i;
  54   1        for(i=0;i<8;i++)
C51 COMPILER V9.59.0.0   ONEWIRE                                                           02/02/2023 00:21:30 PAGE 2   

  55   1        {
  56   2          OneWire_SendBit(Byte&(0x01<<i));
  57   2        }
  58   1      }
  59          
  60          unsigned char OneWire_ReciveByte(void)
  61          {
  62   1        unsigned char i;
  63   1        unsigned char Byte=0x00;
  64   1        for(i=0;i<8;i++)
  65   1        {
  66   2          if(OneWire_ReciveBit()){Byte|=(0x01<<i);}
  67   2        }
  68   1        return Byte;
  69   1      }


MODULE INFORMATION:   STATIC OVERLAYABLE
   CODE SIZE        =    140    ----
   CONSTANT SIZE    =   ----    ----
   XDATA SIZE       =   ----    ----
   PDATA SIZE       =   ----    ----
   DATA SIZE        =   ----    ----
   IDATA SIZE       =   ----    ----
   BIT SIZE         =   ----    ----
END OF MODULE INFORMATION.


C51 COMPILATION COMPLETE.  0 WARNING(S),  0 ERROR(S)
