C51 COMPILER V9.59.0.0   MAIN                                                              01/29/2023 00:40:43 PAGE 1   


C51 COMPILER V9.59.0.0, COMPILATION OF MODULE MAIN
OBJECT MODULE PLACED IN .\Objects\main.obj
COMPILER INVOKED BY: D:\harddevelopment\keilC51\C51\BIN\C51.EXE main.c OPTIMIZE(8,SPEED) BROWSE DEBUG OBJECTEXTEND PRINT
                    -(.\Listings\main.lst) TABS(2) OBJECT(.\Objects\main.obj)

line level    source

   1          #include <REGX52.H>
   2          #include "LCD1602.h"
   3          #include "DS1302.h"
   4          #include "Key.h"
   5          #include "Timer0.h"
   6          
   7          
   8          // KeyNum 获取按下的按键位数 
   9          // MODE 修改时间模式
  10          // TimerSetSelect 修改选中的时间索引
  11          // TimeSetFlashFlag 选中的时间添加闪烁
  12          unsigned char KeyNum,MODE,TimerSetSelect,TimeSetFlashFlag;
  13          
  14          /**
  15            * @brief 显示时间
  16            * @param 无
  17            * @retval 无
  18            */
  19          void TimeShow(void)
  20          {
  21   1          DS1302_ReadTime();
  22   1          LCD_ShowNum(1,1,DS1302_Time[0],2);
  23   1          LCD_ShowNum(1,4,DS1302_Time[1],2);
  24   1          LCD_ShowNum(1,7,DS1302_Time[2],2);
  25   1          LCD_ShowNum(2,1,DS1302_Time[3],2);
  26   1          LCD_ShowNum(2,4,DS1302_Time[4],2);
  27   1          LCD_ShowNum(2,7,DS1302_Time[5],2);
  28   1      }
  29          
  30          /**
  31            * @brief 设置修改时间
  32            * @param 无
  33            * @retval 无
  34            */
  35          void TimeSet(void)
  36          {
  37   1        if(KeyNum==2)
  38   1        {
  39   2          TimerSetSelect++;
  40   2          TimerSetSelect%=6;
  41   2        }
  42   1        if(KeyNum==3)
  43   1        {
  44   2          DS1302_Time[TimerSetSelect]++;
  45   2          if(DS1302_Time[0]>99){DS1302_Time[0]=0;}
  46   2          if(DS1302_Time[1]>12){DS1302_Time[1]=1;}
  47   2          if(DS1302_Time[1]==1 || DS1302_Time[1]==3 || DS1302_Time[1]==5 ||
  48   2             DS1302_Time[1]==7 || DS1302_Time[1]==8 || DS1302_Time[1]==10 || 
  49   2             DS1302_Time[1]==12)
  50   2            {
  51   3              if(DS1302_Time[2]>31){DS1302_Time[2]=1;}
  52   3            }
  53   2          else if(DS1302_Time[1]==4 || DS1302_Time[1]==6 || DS1302_Time[1]==9 ||
  54   2             DS1302_Time[1]==11)
C51 COMPILER V9.59.0.0   MAIN                                                              01/29/2023 00:40:43 PAGE 2   

  55   2            {
  56   3              if(DS1302_Time[2]>30){DS1302_Time[2]=1;}
  57   3            }
  58   2          else if(DS1302_Time[1]==2)
  59   2            {
  60   3              if(DS1302_Time[0]%4==0)
  61   3              {
  62   4                if(DS1302_Time[2]>29){DS1302_Time[2]=1;}
  63   4              }
  64   3              else
  65   3              {
  66   4                if(DS1302_Time[2]>28){DS1302_Time[2]=1;}
  67   4              }
  68   3            }
  69   2          if(DS1302_Time[3]>23){DS1302_Time[3]=0;}
  70   2          if(DS1302_Time[4]>59){DS1302_Time[4]=0;}
  71   2          if(DS1302_Time[5]>59){DS1302_Time[5]=0;}
  72   2        }
  73   1        if(KeyNum==4)
  74   1        {
  75   2          DS1302_Time[TimerSetSelect]--;
  76   2              if(DS1302_Time[0]<0){DS1302_Time[0]=99;}
  77   2          if(DS1302_Time[1]<1){DS1302_Time[1]=12;}
  78   2          if(DS1302_Time[1]==1 || DS1302_Time[1]==3 || DS1302_Time[1]==5 ||
  79   2             DS1302_Time[1]==7 || DS1302_Time[1]==8 || DS1302_Time[1]==10 || 
  80   2             DS1302_Time[1]==12)
  81   2            {
  82   3              if(DS1302_Time[2]<1){DS1302_Time[2]=31;}
  83   3              if(DS1302_Time[2]>31){DS1302_Time[2]=1;}
  84   3            }
  85   2          else if(DS1302_Time[1]==4 || DS1302_Time[1]==6 || DS1302_Time[1]==9 ||
  86   2             DS1302_Time[1]==11)
  87   2            {
  88   3              if(DS1302_Time[2]<1){DS1302_Time[2]=30;}
  89   3              if(DS1302_Time[2]>30){DS1302_Time[2]=1;}
  90   3            }
  91   2          else if(DS1302_Time[1]==2)
  92   2            {
  93   3              if(DS1302_Time[0]%4==0)
  94   3              {
  95   4                if(DS1302_Time[2]<1){DS1302_Time[2]=29;}
  96   4                if(DS1302_Time[2]>29){DS1302_Time[2]=1;}
  97   4              }
  98   3              else
  99   3              {
 100   4                if(DS1302_Time[2]<1){DS1302_Time[2]=28;}
 101   4                if(DS1302_Time[2]>28){DS1302_Time[2]=1;}
 102   4              }
 103   3            }
 104   2          if(DS1302_Time[3]<0){DS1302_Time[3]=23;}
 105   2          if(DS1302_Time[4]<0){DS1302_Time[4]=59;}
 106   2          if(DS1302_Time[5]<0){DS1302_Time[5]=59;}
 107   2        }
 108   1        
 109   1        if(TimerSetSelect==0 && TimeSetFlashFlag==1){LCD_ShowString(1,1,"  ");}
 110   1        else{LCD_ShowNum(1,1,DS1302_Time[0],2);}
 111   1        if(TimerSetSelect==1 && TimeSetFlashFlag==1){LCD_ShowString(1,4,"  ");}
 112   1        else{LCD_ShowNum(1,4,DS1302_Time[1],2);}
 113   1        if(TimerSetSelect==2 && TimeSetFlashFlag==1){LCD_ShowString(1,7,"  ");}
 114   1        else{LCD_ShowNum(1,7,DS1302_Time[2],2);}
 115   1        if(TimerSetSelect==3 && TimeSetFlashFlag==1){LCD_ShowString(2,1,"  ");}
 116   1        else{LCD_ShowNum(2,1,DS1302_Time[3],2);}
C51 COMPILER V9.59.0.0   MAIN                                                              01/29/2023 00:40:43 PAGE 3   

 117   1        if(TimerSetSelect==4 && TimeSetFlashFlag==1){LCD_ShowString(2,4,"  ");}
 118   1        else{LCD_ShowNum(2,4,DS1302_Time[4],2);}
 119   1        if(TimerSetSelect==5 && TimeSetFlashFlag==1){LCD_ShowString(2,7,"  ");}
 120   1        else{LCD_ShowNum(2,7,DS1302_Time[5],2);}
 121   1      }
 122          
 123          void main(){
 124   1        LCD_Init();
 125   1        DS1302_Init();
 126   1        Timer0Init();
 127   1        LCD_ShowString(1,1,"  -  -  ");
 128   1        LCD_ShowString(2,1,"  :  :  ");
 129   1        DS1302_SetTime();
 130   1        while(1){
 131   2          KeyNum = Key();
 132   2          if(KeyNum==1)
 133   2          {
 134   3              if(MODE==0){MODE=1;}
 135   3              else if (MODE==1){MODE=0;DS1302_SetTime();}
 136   3          }
 137   2          switch(MODE)
 138   2          {
 139   3            case 0:TimeShow();break;
 140   3            case 1:TimeSet();break;
 141   3          }
 142   2      
 143   2        }
 144   1      }
 145          
 146          
 147          /**
 148            * @brief 定时器中断函数模板
 149            * @param 
 150            * @retval 
 151            */
 152          void Timer0_Routine() interrupt 1
 153          {
 154   1        static unsigned int T0Count;
 155   1        TL0 = 0x66;   //设置定时初值
 156   1        TH0 = 0xFC;   //设置定时初值
 157   1        T0Count++;
 158   1        if(T0Count>=500){
 159   2          T0Count=0;
 160   2          TimeSetFlashFlag=!TimeSetFlashFlag;
 161   2        }
 162   1      }


MODULE INFORMATION:   STATIC OVERLAYABLE
   CODE SIZE        =   1221    ----
   CONSTANT SIZE    =     21    ----
   XDATA SIZE       =   ----    ----
   PDATA SIZE       =   ----    ----
   DATA SIZE        =      6    ----
   IDATA SIZE       =   ----    ----
   BIT SIZE         =   ----    ----
END OF MODULE INFORMATION.


C51 COMPILATION COMPLETE.  0 WARNING(S),  0 ERROR(S)
