C51 COMPILER V9.59.0.0   MAIN                                                              01/28/2023 01:26:21 PAGE 1   


C51 COMPILER V9.59.0.0, COMPILATION OF MODULE MAIN
OBJECT MODULE PLACED IN .\Objects\main.obj
COMPILER INVOKED BY: D:\harddevelopment\keilC51\C51\BIN\C51.EXE main.c OPTIMIZE(8,SPEED) BROWSE DEBUG OBJECTEXTEND PRINT
                    -(.\Listings\main.lst) TABS(2) OBJECT(.\Objects\main.obj)

line level    source

   1          #include <REGX52.H>
   2          #include <INTRINS.H>
   3          #include "Delay.h"
   4          #include "UART.h"
   5          
   6          sbit RCK = P3^5;  //RCLK
   7          sbit SCK = P3^6; //SRCLK
   8          sbit SER = P3^4;  //SER
   9          
  10          #define MATRIX_LED_PORT P0
  11          
  12          /**
  13            * @brief 74HC595写入一个字节
  14            * @param  要写入的字节
  15            * @retval  无
  16            */
  17          void _74HC595_WriteByte(unsigned char Byte)
  18          {
  19   1        unsigned char i;
  20   1        for(i=0;i<8;i++)
  21   1        {
  22   2          SER = Byte&0x80>>i;
  23   2          SCK=1;
  24   2          SCK=0;
  25   2        }
  26   1        RCK=1;
  27   1        RCK=0;
  28   1      }
  29          
  30          
  31          /**
  32          * @brief LED点阵屏显示一列数据
  33            * @param Column 要选择的列，范围0~7 0在最左边
  34            * @param Data 选择列显示的数据，高位在上 1为亮 0为灭
  35            * @retval 无
  36            */
  37          void MatrixLED_ShowColum(unsigned char Column,Data)
  38          {
  39   1          _74HC595_WriteByte(Data);
  40   1          MATRIX_LED_PORT=~(0x80>>Column);
  41   1          Delay(1);
  42   1          MATRIX_LED_PORT=0xFF;
  43   1      }
  44          
  45          void main(){
  46   1        SCK=0;
  47   1        RCK=0;
  48   1        while(1){
  49   2          MatrixLED_ShowColum(0,0x3C);
  50   2          MatrixLED_ShowColum(1,0x42);
  51   2          MatrixLED_ShowColum(2,0xA9);
  52   2          MatrixLED_ShowColum(3,0x85);
  53   2          MatrixLED_ShowColum(4,0x85);
  54   2          MatrixLED_ShowColum(5,0xA9);
C51 COMPILER V9.59.0.0   MAIN                                                              01/28/2023 01:26:21 PAGE 2   

  55   2          MatrixLED_ShowColum(6,0x42);
  56   2          MatrixLED_ShowColum(7,0x3C);
  57   2        }
  58   1      }


MODULE INFORMATION:   STATIC OVERLAYABLE
   CODE SIZE        =    166    ----
   CONSTANT SIZE    =   ----    ----
   XDATA SIZE       =   ----    ----
   PDATA SIZE       =   ----    ----
   DATA SIZE        =   ----    ----
   IDATA SIZE       =   ----    ----
   BIT SIZE         =   ----    ----
END OF MODULE INFORMATION.


C51 COMPILATION COMPLETE.  0 WARNING(S),  0 ERROR(S)
