C51 COMPILER V9.59.0.0   MAIN                                                              02/01/2023 00:23:50 PAGE 1   


C51 COMPILER V9.59.0.0, COMPILATION OF MODULE MAIN
OBJECT MODULE PLACED IN .\Objects\main.obj
COMPILER INVOKED BY: D:\harddevelopment\keilC51\C51\BIN\C51.EXE main.c OPTIMIZE(8,SPEED) BROWSE DEBUG OBJECTEXTEND PRINT
                    -(.\Listings\main.lst) TABS(2) OBJECT(.\Objects\main.obj)

line level    source

   1          #include <REGX52.H>
   2          #include "LCD1602.h"
   3          #include "Key.h"
   4          #include "AT24C02.h"
   5          #include "Delay.h"
   6          #include "Timer0.h"
   7          #include "Nixie.h"
   8          
   9          unsigned char KeyNum;
  10          unsigned char Min,Sec,MiniSec;
  11          unsigned char RunFlag;
  12          
  13          
  14          void main()
  15          {
  16   1        Timer0_Init();
  17   1        while(1)
  18   1        {
  19   2          KeyNum = Key();
  20   2          if(KeyNum==1){
  21   3            RunFlag=!RunFlag;
  22   3          }
  23   2          if(KeyNum==2){
  24   3            Min=0;
  25   3            Sec=0;
  26   3            MiniSec=0;
  27   3          }
  28   2          if(KeyNum==3){
  29   3            AT24C02_WriteByte(0,Min);
  30   3            Delay(5);
  31   3            AT24C02_WriteByte(1,Sec);
  32   3            Delay(5);
  33   3            AT24C02_WriteByte(2,MiniSec);
  34   3            Delay(5);
  35   3          }
  36   2          if(KeyNum==4){
  37   3            Min = AT24C02_ReadByte(0);
  38   3            Sec = AT24C02_ReadByte(1);
  39   3            MiniSec = AT24C02_ReadByte(2);
  40   3          }
  41   2          Nixie_SetBuf(1,Min/10);
  42   2          Nixie_SetBuf(2,Min%10);
  43   2          Nixie_SetBuf(3,11);
  44   2          Nixie_SetBuf(4,Sec/10);
  45   2          Nixie_SetBuf(5,Sec%10);
  46   2          Nixie_SetBuf(6,11);
  47   2          Nixie_SetBuf(7,MiniSec/10);
  48   2          Nixie_SetBuf(8,MiniSec%10);
  49   2        }
  50   1      }
  51          
  52          void Sec_Loop(void)
  53          {
  54   1        
C51 COMPILER V9.59.0.0   MAIN                                                              02/01/2023 00:23:50 PAGE 2   

  55   1        if(RunFlag)
  56   1        {
  57   2          MiniSec++;
  58   2          if(MiniSec>=100){
  59   3            MiniSec=0;
  60   3            Sec++;
  61   3            if(Sec>=60){
  62   4              Sec=0;
  63   4              Min++;
  64   4                if(Min>=60){
  65   5                Sec=0;
  66   5                }
  67   4            }
  68   3          }
  69   2        }
  70   1        
  71   1      
  72   1      }
  73          
  74          void Timer0_Routine() interrupt 1
  75          {
  76   1        static unsigned int T0Count1,T0Count2,T0Count3;
  77   1        TL0 = 0x66;   //设置定时初值
  78   1        TH0 = 0xFC;   //设置定时初值
  79   1        T0Count1++;
  80   1        if(T0Count1>=20){
  81   2          T0Count1=0;
  82   2          Key_Loop();
  83   2        }
  84   1        T0Count2++;
  85   1        if(T0Count2>=2){
  86   2          T0Count2=0;
  87   2          Nixie_Loop();
  88   2        }
  89   1        T0Count3++;
  90   1        if(T0Count3>=10){
  91   2          T0Count3=0;
  92   2          Sec_Loop();
  93   2        }
  94   1      }


MODULE INFORMATION:   STATIC OVERLAYABLE
   CODE SIZE        =    424    ----
   CONSTANT SIZE    =   ----    ----
   XDATA SIZE       =   ----    ----
   PDATA SIZE       =   ----    ----
   DATA SIZE        =     11    ----
   IDATA SIZE       =   ----    ----
   BIT SIZE         =   ----    ----
END OF MODULE INFORMATION.


C51 COMPILATION COMPLETE.  0 WARNING(S),  0 ERROR(S)
