C51 COMPILER V9.59.0.0   NIXIE                                                             02/01/2023 00:12:43 PAGE 1   


C51 COMPILER V9.59.0.0, COMPILATION OF MODULE NIXIE
OBJECT MODULE PLACED IN .\Objects\NiXie.obj
COMPILER INVOKED BY: D:\harddevelopment\keilC51\C51\BIN\C51.EXE NiXie.c OPTIMIZE(8,SPEED) BROWSE DEBUG OBJECTEXTEND PRIN
                    -T(.\Listings\NiXie.lst) TABS(2) OBJECT(.\Objects\NiXie.obj)

line level    source

   1          #include <REGX52.H>
   2          #include "Delay.h"
   3          
   4          unsigned char NixieBuf[9]={0,10,10,10,10,10,10,10,10};
   5          
   6          unsigned char NixieTable[] = {0x3F,0x06,0x5B,0x4F,0x66,0x6D,0x7D,0x07,0x7F,0x6F,0x00,0x40};
   7          
   8          void Nixie_SetBuf(unsigned char Location,Number){
   9   1        NixieBuf[Location] = Number;
  10   1      }
  11          
  12          void Nixie_scan(unsigned char Location,Number){
  13   1        P0=0x00;
  14   1        switch(Location){
  15   2          case 1:P2_4=1;P2_3=1;P2_2=1;break;
  16   2          case 2:P2_4=1;P2_3=1;P2_2=0;break;
  17   2          case 3:P2_4=1;P2_3=0;P2_2=1;break;
  18   2          case 4:P2_4=1;P2_3=0;P2_2=0;break;
  19   2          case 5:P2_4=0;P2_3=1;P2_2=1;break;
  20   2          case 6:P2_4=0;P2_3=1;P2_2=0;break;
  21   2          case 7:P2_4=0;P2_3=0;P2_2=1;break;
  22   2          case 8:P2_4=0;P2_3=0;P2_2=0;break;
  23   2        }
  24   1        P0=NixieTable[Number];
  25   1      }
  26          
  27          void Nixie_Loop(void)
  28          {
  29   1        static unsigned char i;
  30   1        Nixie_scan(i,NixieBuf[i]);
  31   1        i++;
  32   1        if(i>=9){i=1;}
  33   1      }


MODULE INFORMATION:   STATIC OVERLAYABLE
   CODE SIZE        =    142    ----
   CONSTANT SIZE    =   ----    ----
   XDATA SIZE       =   ----    ----
   PDATA SIZE       =   ----    ----
   DATA SIZE        =     22    ----
   IDATA SIZE       =   ----    ----
   BIT SIZE         =   ----    ----
END OF MODULE INFORMATION.


C51 COMPILATION COMPLETE.  0 WARNING(S),  0 ERROR(S)
