C51 COMPILER V9.59.0.0   MAIN                                                              01/16/2023 22:57:00 PAGE 1   


C51 COMPILER V9.59.0.0, COMPILATION OF MODULE MAIN
OBJECT MODULE PLACED IN .\Objects\main.obj
COMPILER INVOKED BY: D:\harddevelopment\keilC51\C51\BIN\C51.EXE main.c OPTIMIZE(8,SPEED) BROWSE DEBUG OBJECTEXTEND PRINT
                    -(.\Listings\main.lst) TABS(2) OBJECT(.\Objects\main.obj)

line level    source

   1          #include <REGX52.H>
   2          
   3          void Delay1ms(unsigned int xms)   //@12.000MHz
   4          {
   5   1        unsigned char i, j;
   6   1        while(xms){
   7   2            i = 2;
   8   2            j = 239;
   9   2            do
  10   2            {
  11   3              while (--j);
  12   3            } while (--i);
  13   2            xms-=1;
  14   2        }
  15   1      
  16   1      }
  17          
  18          unsigned char LEDNum = 0;
  19          
  20          main(){
  21   1        
  22   1        P2 = ~(0x01);
  23   1        while(1){
  24   2          if(P3_1==0){
  25   3            Delay1ms(20);
  26   3            while(P3_1==0);
  27   3            Delay1ms(20);
  28   3            
  29   3            LEDNum++;
  30   3            if(LEDNum==8){LEDNum=0;}
  31   3            P2 = ~(0x01 << LEDNum);
  32   3          }
  33   2          
  34   2          if(P3_0==0){
  35   3            Delay1ms(20);
  36   3            while(P3_0==0);
  37   3            Delay1ms(20);
  38   3            
  39   3            if(LEDNum==0){
  40   4              LEDNum=7;
  41   4            }else{
  42   4              LEDNum--;
  43   4            }
  44   3            P2 = ~(0x01 << LEDNum);
  45   3          }
  46   2          
  47   2        }
  48   1      }


MODULE INFORMATION:   STATIC OVERLAYABLE
   CODE SIZE        =    106    ----
   CONSTANT SIZE    =   ----    ----
   XDATA SIZE       =   ----    ----
C51 COMPILER V9.59.0.0   MAIN                                                              01/16/2023 22:57:00 PAGE 2   

   PDATA SIZE       =   ----    ----
   DATA SIZE        =      1    ----
   IDATA SIZE       =   ----    ----
   BIT SIZE         =   ----    ----
END OF MODULE INFORMATION.


C51 COMPILATION COMPLETE.  0 WARNING(S),  0 ERROR(S)
