C51 COMPILER V9.59.0.0   BUZZER                                                            01/30/2023 23:37:00 PAGE 1   


C51 COMPILER V9.59.0.0, COMPILATION OF MODULE BUZZER
OBJECT MODULE PLACED IN .\Objects\Buzzer.obj
COMPILER INVOKED BY: D:\harddevelopment\keilC51\C51\BIN\C51.EXE Buzzer.c OPTIMIZE(8,SPEED) BROWSE DEBUG OBJECTEXTEND PRI
                    -NT(.\Listings\Buzzer.lst) TABS(2) OBJECT(.\Objects\Buzzer.obj)

line level    source

   1          #include <REGX52.H>
   2          #include <INTRINS.H>
   3          #include "Delay.h"
   4          
   5          sbit Buzzer = P2^5;
   6          unsigned int i;
   7          
   8          void Buzzer_Delay500us()    //@11.0592MHz
   9          {
  10   1        unsigned char i;
  11   1      
  12   1        _nop_();
  13   1        i = 227;
  14   1        while (--i);
  15   1      }
  16          
  17          
  18          void Buzzer_Time(unsigned int ms){
  19   1        for(i=0;i<ms*2;i++)
  20   1        {
  21   2          Buzzer=!Buzzer;
  22   2          Buzzer_Delay500us();
  23   2        }
  24   1      }


MODULE INFORMATION:   STATIC OVERLAYABLE
   CODE SIZE        =     47    ----
   CONSTANT SIZE    =   ----    ----
   XDATA SIZE       =   ----    ----
   PDATA SIZE       =   ----    ----
   DATA SIZE        =      2    ----
   IDATA SIZE       =   ----    ----
   BIT SIZE         =   ----    ----
END OF MODULE INFORMATION.


C51 COMPILATION COMPLETE.  0 WARNING(S),  0 ERROR(S)
