C51 COMPILER V9.59.0.0   MAIN                                                              01/26/2023 02:20:09 PAGE 1   


C51 COMPILER V9.59.0.0, COMPILATION OF MODULE MAIN
OBJECT MODULE PLACED IN .\Objects\main.obj
COMPILER INVOKED BY: D:\harddevelopment\keilC51\C51\BIN\C51.EXE main.c OPTIMIZE(8,SPEED) BROWSE DEBUG OBJECTEXTEND PRINT
                    -(.\Listings\main.lst) TABS(2) OBJECT(.\Objects\main.obj)

line level    source

   1          #include <REGX52.H>
   2          #include "Delay.h"
   3          #include "Nixie.h"
   4          #include "LCD1602.h"
   5          #include "MatrixKey.h"
   6          #include "Timer0.h"
   7          #include "Key.h"
   8          #include <INTRINS.H>
   9          
  10          
  11          unsigned char Sec=55,Min=59,Hour=23;
  12          
  13          
  14          /**
  15            * @brief 定时器中断函数
  16            * @param 
  17            * @retval 
  18            */
  19          void Timer0_Routine() interrupt 1
  20          {
  21   1        static unsigned int T0Count;
  22   1        TL0 = 0x66;   //设置定时初值
  23   1        TH0 = 0xFC;   //设置定时初值
  24   1        T0Count++;
  25   1        if(T0Count>=1000){
  26   2          T0Count=0;
  27   2          Sec++;
  28   2          if(Sec>=60){
  29   3            Sec=0;
  30   3            Min++;
  31   3            if(Min>=60){
  32   4              Min=0;
  33   4              Hour++;
  34   4              if(Hour>=24){
  35   5                Hour=0;
  36   5              }
  37   4            }
  38   3          }
  39   2        }
  40   1      }
  41          
  42          void main(){
  43   1        LCD_Init();
  44   1        Timer0Init();
  45   1        
  46   1        LCD_ShowString(1,1,"Clock:");
  47   1        LCD_ShowString(2,1,"  :  :");
  48   1        
  49   1        while(1){
  50   2          LCD_ShowNum(2,1,Hour,2);
  51   2          LCD_ShowNum(2,4,Min,2);
  52   2          LCD_ShowNum(2,7,Sec,2);
  53   2        }
  54   1      }
C51 COMPILER V9.59.0.0   MAIN                                                              01/26/2023 02:20:09 PAGE 2   

  55          


MODULE INFORMATION:   STATIC OVERLAYABLE
   CODE SIZE        =    162    ----
   CONSTANT SIZE    =     14    ----
   XDATA SIZE       =   ----    ----
   PDATA SIZE       =   ----    ----
   DATA SIZE        =      5    ----
   IDATA SIZE       =   ----    ----
   BIT SIZE         =   ----    ----
END OF MODULE INFORMATION.


C51 COMPILATION COMPLETE.  0 WARNING(S),  0 ERROR(S)
