C51 COMPILER V9.59.0.0   MAIN                                                              01/20/2023 01:36:48 PAGE 1   


C51 COMPILER V9.59.0.0, COMPILATION OF MODULE MAIN
OBJECT MODULE PLACED IN .\Objects\main.obj
COMPILER INVOKED BY: D:\harddevelopment\keilC51\C51\BIN\C51.EXE main.c OPTIMIZE(8,SPEED) BROWSE DEBUG OBJECTEXTEND PRINT
                    -(.\Listings\main.lst) TABS(2) OBJECT(.\Objects\main.obj)

line level    source

   1          #include <REGX52.H>
   2          #include "Delay.h"
   3          #include "Nixie.h"
   4          #include "LCD1602.h"
   5          
   6          main(){
   7   1        LCD_Init();
   8   1        LCD_ShowChar(1,1,'A');
   9   1        LCD_ShowString(1,3,"Hello");
  10   1        LCD_ShowNum(1,9,123,3);
  11   1        LCD_ShowSignedNum(1,13,-66,2);
  12   1        LCD_ShowHexNum(2,1,-0xA8,2);
  13   1        LCD_ShowBinNum(2,4,0xAA,8);
  14   1        while(1){
  15   2        }
  16   1      }


MODULE INFORMATION:   STATIC OVERLAYABLE
   CODE SIZE        =     83    ----
   CONSTANT SIZE    =      6    ----
   XDATA SIZE       =   ----    ----
   PDATA SIZE       =   ----    ----
   DATA SIZE        =   ----    ----
   IDATA SIZE       =   ----    ----
   BIT SIZE         =   ----    ----
END OF MODULE INFORMATION.


C51 COMPILATION COMPLETE.  0 WARNING(S),  0 ERROR(S)
