C51 COMPILER V9.59.0.0   MAIN                                                              02/12/2023 13:52:53 PAGE 1   


C51 COMPILER V9.59.0.0, COMPILATION OF MODULE MAIN
OBJECT MODULE PLACED IN .\Objects\main.obj
COMPILER INVOKED BY: D:\harddevelopment\keilC51\C51\BIN\C51.EXE main.c OPTIMIZE(8,SPEED) BROWSE DEBUG OBJECTEXTEND PRINT
                    -(.\Listings\main.lst) TABS(2) OBJECT(.\Objects\main.obj)

line level    source

   1          #include <REGX52.H>
   2          #include "Delay.h"
   3          #include "LCD1602.h"
   4          #include "IR.h"
   5          
   6          unsigned char Num;
   7          unsigned char Address;
   8          unsigned char Command;
   9          
  10          void main()
  11          {
  12   1        
  13   1        LCD_Init();
  14   1        LCD_ShowString(1,1,"ADDR  CMD  NUM");
  15   1        LCD_ShowString(2,1,"00    00   000");
  16   1      
  17   1        IR_Init();
  18   1        
  19   1        while(1)
  20   1        {
  21   2            if(IR_GetDataFlag() || IR_GetRepeatFlag())
  22   2            {
  23   3              Address = IR_GetAddress();
  24   3              Command = IR_GetCommand();
  25   3              
  26   3              LCD_ShowHexNum(2,1,Address,2);
  27   3              LCD_ShowHexNum(2,7,Command,2);
  28   3              
  29   3              if(Command==IR_VOL_MINUS)
  30   3              {
  31   4                Num--;
  32   4              }
  33   3              if(Command==IR_VOL_ADD)
  34   3              {
  35   4                Num++;
  36   4              }
  37   3              
  38   3              LCD_ShowNum(2,12,Num,3);
  39   3            }
  40   2        }
  41   1      }
  42          


MODULE INFORMATION:   STATIC OVERLAYABLE
   CODE SIZE        =    120    ----
   CONSTANT SIZE    =     30    ----
   XDATA SIZE       =   ----    ----
   PDATA SIZE       =   ----    ----
   DATA SIZE        =      3    ----
   IDATA SIZE       =   ----    ----
   BIT SIZE         =   ----    ----
END OF MODULE INFORMATION.


C51 COMPILATION COMPLETE.  0 WARNING(S),  0 ERROR(S)
