C51 COMPILER V9.59.0.0   XPT2046                                                           02/10/2023 22:57:35 PAGE 1   


C51 COMPILER V9.59.0.0, COMPILATION OF MODULE XPT2046
OBJECT MODULE PLACED IN .\Objects\XPT2046.obj
COMPILER INVOKED BY: D:\harddevelopment\keilC51\C51\BIN\C51.EXE XPT2046.c OPTIMIZE(8,SPEED) BROWSE DEBUG OBJECTEXTEND PR
                    -INT(.\Listings\XPT2046.lst) TABS(2) OBJECT(.\Objects\XPT2046.obj)

line level    source

   1          #include <REGX52.H>
   2          #include "Delay.h"
   3          
   4          sbit XPT2046_CS = P3^5;
   5          sbit XPT2046_DCLK = P3^6;
   6          sbit XPT2046_DIN = P3^4;
   7          sbit XPT2046_DOUT = P3^7;
   8          
   9          unsigned int XPT2046_ReadAD(unsigned char Command)
  10          {
  11   1        unsigned char i;
  12   1        unsigned int ADVAlue=0;
  13   1        XPT2046_DCLK=0;
  14   1        XPT2046_CS=0;
  15   1        
  16   1        
  17   1        for(i=0;i<8;i++)
  18   1        {
  19   2          XPT2046_DIN=Command&(0x80>>i);
  20   2          XPT2046_DCLK=1;
  21   2          Delay(1);
  22   2          XPT2046_DCLK=0;
  23   2        }
  24   1        for(i=0;i<16;i++)
  25   1        {
  26   2          XPT2046_DCLK=1;
  27   2          Delay(1);
  28   2          XPT2046_DCLK=0;
  29   2          if(XPT2046_DOUT){ADVAlue|=(0x8000>>i);}
  30   2        }
  31   1        
  32   1        XPT2046_CS=1;
  33   1        
  34   1        if(Command&0x08)
  35   1        {
  36   2          return ADVAlue>>8;
  37   2        }
  38   1        else
  39   1        {
  40   2          return ADVAlue>>4;
  41   2        } 
  42   1      }


MODULE INFORMATION:   STATIC OVERLAYABLE
   CODE SIZE        =    146    ----
   CONSTANT SIZE    =   ----    ----
   XDATA SIZE       =   ----    ----
   PDATA SIZE       =   ----    ----
   DATA SIZE        =   ----       4
   IDATA SIZE       =   ----    ----
   BIT SIZE         =   ----    ----
END OF MODULE INFORMATION.


C51 COMPILATION COMPLETE.  0 WARNING(S),  0 ERROR(S)
