C51 COMPILER V9.59.0.0   MATRIXLED                                                         01/28/2023 01:40:25 PAGE 1   


C51 COMPILER V9.59.0.0, COMPILATION OF MODULE MATRIXLED
OBJECT MODULE PLACED IN .\Objects\MatrixLED.obj
COMPILER INVOKED BY: D:\harddevelopment\keilC51\C51\BIN\C51.EXE MatrixLED.c OPTIMIZE(8,SPEED) BROWSE DEBUG OBJECTEXTEND 
                    -PRINT(.\Listings\MatrixLED.lst) TABS(2) OBJECT(.\Objects\MatrixLED.obj)

line level    source

   1          #include <REGX52.H>
   2          #include <INTRINS.H>
   3          #include "Delay.h"
   4          #include "UART.h"
   5          
   6          sbit RCK = P3^5;  //RCLK
   7          sbit SCK = P3^6; //SRCLK
   8          sbit SER = P3^4;  //SER
   9          
  10          #define MATRIX_LED_PORT P0
  11          
  12          /**
  13            * @brief 74HC595写入一个字节
  14            * @param  要写入的字节
  15            * @retval  无
  16            */
  17          void _74HC595_WriteByte(unsigned char Byte)
  18          {
  19   1        unsigned char i;
  20   1        for(i=0;i<8;i++)
  21   1        {
  22   2          SER = Byte&0x80>>i;
  23   2          SCK=1;
  24   2          SCK=0;
  25   2        }
  26   1        RCK=1;
  27   1        RCK=0;
  28   1      }
  29          
  30          /**
  31            * @brief 点阵屏初始化
  32            * @param 无
  33            * @retval 无
  34            */
  35          void MatrixLED_Init(){
  36   1        SCK=0;
  37   1        RCK=0;
  38   1      }
  39          
  40          /**
  41            * @brief LED点阵屏显示一列数据
  42            * @param Column 要选择的列，范围0~7 0在最左边
  43            * @param Data 选择列显示的数据，高位在上 1为亮 0为灭
  44            * @retval 无
  45            */
  46          void MatrixLED_ShowColum(unsigned char Column,Data)
  47          {
  48   1          _74HC595_WriteByte(Data);
  49   1          MATRIX_LED_PORT=~(0x80>>Column);
  50   1          Delay(1);
  51   1          MATRIX_LED_PORT=0xFF;
  52   1      }


C51 COMPILER V9.59.0.0   MATRIXLED                                                         01/28/2023 01:40:25 PAGE 2   

MODULE INFORMATION:   STATIC OVERLAYABLE
   CODE SIZE        =     93    ----
   CONSTANT SIZE    =   ----    ----
   XDATA SIZE       =   ----    ----
   PDATA SIZE       =   ----    ----
   DATA SIZE        =   ----    ----
   IDATA SIZE       =   ----    ----
   BIT SIZE         =   ----    ----
END OF MODULE INFORMATION.


C51 COMPILATION COMPLETE.  0 WARNING(S),  0 ERROR(S)
