C51 COMPILER V9.59.0.0   MAIN                                                              01/16/2023 21:23:14 PAGE 1   


C51 COMPILER V9.59.0.0, COMPILATION OF MODULE MAIN
OBJECT MODULE PLACED IN .\Objects\main.obj
COMPILER INVOKED BY: D:\harddevelopment\keilC51\C51\BIN\C51.EXE main.c OPTIMIZE(8,SPEED) BROWSE DEBUG OBJECTEXTEND PRINT
                    -(.\Listings\main.lst) TABS(2) OBJECT(.\Objects\main.obj)

line level    source

   1          #include <REGX52.H>
   2          
   3          void Delay1ms(unsigned int xms)   //@12.000MHz
   4          {
   5   1        unsigned char i, j;
   6   1        while(xms){
   7   2            i = 2;
   8   2            j = 239;
   9   2            do
  10   2            {
  11   3              while (--j);
  12   3            } while (--i);
  13   2            xms-=1;
  14   2        }
  15   1      
  16   1      }
  17          
  18          main(){
  19   1        
  20   1        
  21   1        while(1){
  22   2          P2 = 0xFE; //1111 1110
  23   2          Delay1ms(200);
  24   2          P2 = 0xFD;  //1111 1101
  25   2          Delay1ms(200);
  26   2          P2 = 0xFB;  //1111 1011
  27   2          Delay1ms(200);
  28   2          P2 = 0xF7;  //1111 0111
  29   2          Delay1ms(200);
  30   2          P2 = 0xEF;  //1110 1111
  31   2          Delay1ms(200); 
  32   2          P2 = 0xDF;  //1101 1111
  33   2          Delay1ms(200);
  34   2          P2 = 0xBF;  //1011 1111
  35   2          Delay1ms(200);
  36   2          P2 = 0x7F;  //0111 1111
  37   2          Delay1ms(200);
  38   2        }
  39   1      }


MODULE INFORMATION:   STATIC OVERLAYABLE
   CODE SIZE        =     74    ----
   CONSTANT SIZE    =   ----    ----
   XDATA SIZE       =   ----    ----
   PDATA SIZE       =   ----    ----
   DATA SIZE        =   ----    ----
   IDATA SIZE       =   ----    ----
   BIT SIZE         =   ----    ----
END OF MODULE INFORMATION.


C51 COMPILATION COMPLETE.  0 WARNING(S),  0 ERROR(S)
