C51 COMPILER V9.59.0.0   MAIN                                                              01/20/2023 00:57:46 PAGE 1   


C51 COMPILER V9.59.0.0, COMPILATION OF MODULE MAIN
OBJECT MODULE PLACED IN .\Objects\main.obj
COMPILER INVOKED BY: D:\harddevelopment\keilC51\C51\BIN\C51.EXE main.c OPTIMIZE(8,SPEED) BROWSE DEBUG OBJECTEXTEND PRINT
                    -(.\Listings\main.lst) TABS(2) OBJECT(.\Objects\main.obj)

line level    source

   1          #include <REGX52.H>
   2          
   3          void Delay1ms(unsigned int xms)   //@12.000MHz
   4          {
   5   1        unsigned char i, j;
   6   1        while(xms){
   7   2            i = 2;
   8   2            j = 239;
   9   2            do
  10   2            {
  11   3              while (--j);
  12   3            } while (--i);
  13   2            xms-=1;
  14   2        }
  15   1      
  16   1      }
  17          
  18          unsigned char LEDNum = 0;
  19          
  20          unsigned char NixieTable[] = {0x3F,0x06,0x5B,0x4F,0x66,0x6D,0x7D,0x07,0x7F,0x6F};
  21          
  22          void Nixie(unsigned char Location,Number){
  23   1        switch(Location){
  24   2          case 1:P2_4=1;P2_3=1;P2_2=1;break;
  25   2          case 2:P2_4=1;P2_3=1;P2_2=0;break;
  26   2          case 3:P2_4=1;P2_3=0;P2_2=1;break;
  27   2          case 4:P2_4=1;P2_3=0;P2_2=0;break;
  28   2          case 5:P2_4=0;P2_3=1;P2_2=1;break;
  29   2          case 6:P2_4=0;P2_3=1;P2_2=0;break;
  30   2          case 7:P2_4=0;P2_3=0;P2_2=1;break;
  31   2          case 8:P2_4=0;P2_3=0;P2_2=0;break;
  32   2        }
  33   1        P0=NixieTable[Number];
  34   1      }
  35          
  36          main(){
  37   1        Nixie(2,3);
  38   1        while(1){}
  39   1      }


MODULE INFORMATION:   STATIC OVERLAYABLE
   CODE SIZE        =    130    ----
   CONSTANT SIZE    =   ----    ----
   XDATA SIZE       =   ----    ----
   PDATA SIZE       =   ----    ----
   DATA SIZE        =     11    ----
   IDATA SIZE       =   ----    ----
   BIT SIZE         =   ----    ----
END OF MODULE INFORMATION.


C51 COMPILATION COMPLETE.  0 WARNING(S),  0 ERROR(S)
