C51 COMPILER V9.59.0.0   BUZZER                                                            01/30/2023 23:48:49 PAGE 1   


C51 COMPILER V9.59.0.0, COMPILATION OF MODULE BUZZER
OBJECT MODULE PLACED IN .\Objects\Buzzer.obj
COMPILER INVOKED BY: D:\harddevelopment\keilC51\C51\BIN\C51.EXE Buzzer.c OPTIMIZE(8,SPEED) BROWSE DEBUG OBJECTEXTEND PRI
                    -NT(.\Listings\Buzzer.lst) TABS(2) OBJECT(.\Objects\Buzzer.obj)

line level    source

   1          #include <REGX52.H>
   2          #include <INTRINS.H>
   3          
   4          //蜂鸣器端口
   5          sbit Buzzer = P2^5;
   6          unsigned int i;
   7          
   8          /**
   9            * @brief 蜂鸣器私有延时函数
  10            * @param 无
  11            * @retval 无
  12            */
  13          void Buzzer_Delay500us()    //@11.0592MHz
  14          {
  15   1        unsigned char i;
  16   1      
  17   1        _nop_();
  18   1        i = 227;
  19   1        while (--i);
  20   1      }
  21          
  22          /**
  23            * @brief 蜂鸣器发声
  24            * @param ms 发声的时长
  25            * @retval 无
  26            */
  27          void Buzzer_Time(unsigned int ms){
  28   1        for(i=0;i<ms*2;i++)
  29   1        {
  30   2          Buzzer=!Buzzer;
  31   2          Buzzer_Delay500us();
  32   2        }
  33   1      }


MODULE INFORMATION:   STATIC OVERLAYABLE
   CODE SIZE        =     47    ----
   CONSTANT SIZE    =   ----    ----
   XDATA SIZE       =   ----    ----
   PDATA SIZE       =   ----    ----
   DATA SIZE        =      2    ----
   IDATA SIZE       =   ----    ----
   BIT SIZE         =   ----    ----
END OF MODULE INFORMATION.


C51 COMPILATION COMPLETE.  0 WARNING(S),  0 ERROR(S)
