C51 COMPILER V9.59.0.0   MAIN                                                              01/16/2023 21:13:35 PAGE 1   


C51 COMPILER V9.59.0.0, COMPILATION OF MODULE MAIN
OBJECT MODULE PLACED IN .\Objects\main.obj
COMPILER INVOKED BY: D:\harddevelopment\keilC51\C51\BIN\C51.EXE main.c OPTIMIZE(8,SPEED) BROWSE DEBUG OBJECTEXTEND PRINT
                    -(.\Listings\main.lst) TABS(2) OBJECT(.\Objects\main.obj)

line level    source

   1          #include <REGX52.H>
   2          #include <INTRINS.H>
   3          
   4          
   5          void Delay500ms()   //@12.000MHz
   6          {
   7   1        unsigned char i, j, k;
   8   1      
   9   1        _nop_();
  10   1        i = 4;
  11   1        j = 205;
  12   1        k = 187;
  13   1        do
  14   1        {
  15   2          do
  16   2          {
  17   3            while (--k);
  18   3          } while (--j);
  19   2        } while (--i);
  20   1      }
  21          
  22          
  23          main(){ 
  24   1        while(1){
  25   2          P2 = 0xFE; //1111 1110
  26   2          Delay500ms();
  27   2          P2 = 0xFD;  //1111 1101
  28   2          Delay500ms();
  29   2          P2 = 0xFB;  //1111 1011
  30   2          Delay500ms();
  31   2          P2 = 0xF7;  //1111 0111
  32   2          Delay500ms();
  33   2          P2 = 0xEF;  //1110 1111
  34   2          Delay500ms(); 
  35   2          P2 = 0xDF;  //1101 1111
  36   2          Delay500ms();
  37   2          P2 = 0xBF;  //1011 1111
  38   2          Delay500ms();
  39   2          P2 = 0x7F;  //0111 1111
  40   2          Delay500ms();
  41   2        }
  42   1      }


MODULE INFORMATION:   STATIC OVERLAYABLE
   CODE SIZE        =     64    ----
   CONSTANT SIZE    =   ----    ----
   XDATA SIZE       =   ----    ----
   PDATA SIZE       =   ----    ----
   DATA SIZE        =   ----    ----
   IDATA SIZE       =   ----    ----
   BIT SIZE         =   ----    ----
END OF MODULE INFORMATION.


C51 COMPILATION COMPLETE.  0 WARNING(S),  0 ERROR(S)
