C51 COMPILER V9.59.0.0   DS1302                                                            01/28/2023 23:19:37 PAGE 1   


C51 COMPILER V9.59.0.0, COMPILATION OF MODULE DS1302
OBJECT MODULE PLACED IN .\Objects\DS1302.obj
COMPILER INVOKED BY: D:\harddevelopment\keilC51\C51\BIN\C51.EXE DS1302.c OPTIMIZE(8,SPEED) BROWSE DEBUG OBJECTEXTEND PRI
                    -NT(.\Listings\DS1302.lst) TABS(2) OBJECT(.\Objects\DS1302.obj)

line level    source

   1          #include <REGX52.H>
   2          
   3          sbit DS1302_SCLK=P3^6;  //移位控制地址
   4          sbit DS1302_IO=P3^4;    //IO口地址
   5          sbit DS1302_CE=P3^5;    //命令控制逻辑地址
   6          
   7          #define DS1302_SECOND  0x80 //秒地址
   8          #define DS1302_MINUTE  0x82 //分钟地址
   9          #define DS1302_HOUR    0x84 //时地址
  10          #define DS1302_DATE    0x86 //日地址
  11          #define DS1302_MONTH   0x88 //月地址
  12          #define DS1302_DAY     0x8A //星期地址
  13          #define DS1302_YEAR    0x8C //年地址
  14          #define DS1302_WP      0x8E //写保护地址
  15          
  16          //保存年月日时分秒的数组
  17          unsigned char DS1302_Time[]={23,1,28,23,9,0,6};
  18          
  19          /**
  20            * @brief DS1302初始化
  21            * @param 无
  22            * @retval 无
  23            */
  24          void DS1302_Init(void)
  25          {
  26   1        DS1302_CE=0;
  27   1        DS1302_SCLK=0;
  28   1      }
  29          
  30          /**
  31            * @brief DS1302写入字节
  32            * @param Command 要写入数据的地址
  33            * @param Data 要写入的数据
  34            * @retval 无
  35            */
  36          void DS1302_WriteByte(unsigned char Command,Data)
  37          {
  38   1        unsigned char i;
  39   1        DS1302_CE=1;
  40   1        for(i=0;i<8;i++)
  41   1        {
  42   2          DS1302_IO=Command&(0x01<<i);
  43   2          DS1302_SCLK=1;
  44   2          DS1302_SCLK=0;
  45   2        }
  46   1        for(i=0;i<8;i++)
  47   1        {
  48   2          DS1302_IO=Data&(0x01<<i);
  49   2          DS1302_SCLK=1;
  50   2          DS1302_SCLK=0;
  51   2        }
  52   1        DS1302_CE=0;
  53   1      }
  54          
C51 COMPILER V9.59.0.0   DS1302                                                            01/28/2023 23:19:37 PAGE 2   

  55          
  56          /**
  57            * @brief DS1302读出函数
  58            * @param Command 要读出数据的地址
  59            * @retval Data 返回读出的数据
  60            */
  61          unsigned char DS1302_ReaedByte(unsigned char Command)
  62          {
  63   1        unsigned char i,Data=0x00;
  64   1        Command|=0x01;
  65   1        DS1302_CE=1;
  66   1        for(i=0;i<8;i++)
  67   1        {
  68   2          DS1302_IO=Command&(0x01<<i);
  69   2          DS1302_SCLK=0;
  70   2          DS1302_SCLK=1;
  71   2        }
  72   1        for(i=0;i<8;i++)
  73   1        {
  74   2          DS1302_SCLK=1;
  75   2          DS1302_SCLK=0;
  76   2          if(DS1302_IO){Data|=(0x01<<i);}
  77   2        }
  78   1        DS1302_CE=0;
  79   1        DS1302_IO=0;
  80   1        return Data;
  81   1      }
  82          
  83          
  84          /**
  85            * @brief DS1302设置时间
  86            * @param 无
  87            * @retval 无
  88            */
  89          void DS1302_SetTime(void)
  90          {
  91   1        DS1302_WriteByte(DS1302_WP,0x00);
  92   1        
  93   1        DS1302_WriteByte(DS1302_YEAR,DS1302_Time[0]/10*16+DS1302_Time[0]%10);
  94   1        DS1302_WriteByte(DS1302_MONTH,DS1302_Time[1]/10*16+DS1302_Time[1]%10);
  95   1        DS1302_WriteByte(DS1302_DATE,DS1302_Time[2]/10*16+DS1302_Time[2]%10);
  96   1        DS1302_WriteByte(DS1302_HOUR,DS1302_Time[3]/10*16+DS1302_Time[3]%10);
  97   1        DS1302_WriteByte(DS1302_MINUTE,DS1302_Time[4]/10*16+DS1302_Time[4]%10);
  98   1        DS1302_WriteByte(DS1302_SECOND,DS1302_Time[5]/10*16+DS1302_Time[5]%10);
  99   1        DS1302_WriteByte(DS1302_DAY,DS1302_Time[6]/10*16+DS1302_Time[6]%10);
 100   1        
 101   1        DS1302_WriteByte(DS1302_WP,0x80);
 102   1      }
 103          
 104          
 105          /**
 106            * @brief DS1302读出时间
 107            * @param 无
 108            * @retval 无
 109            */
 110          void DS1302_ReadTime(void)
 111          {
 112   1        unsigned char Temp;
 113   1        Temp = DS1302_ReaedByte(DS1302_YEAR);
 114   1        DS1302_Time[0] = Temp/16*10+Temp%16;
 115   1        Temp = DS1302_ReaedByte(DS1302_MONTH);
 116   1        DS1302_Time[1] = Temp/16*10+Temp%16;
C51 COMPILER V9.59.0.0   DS1302                                                            01/28/2023 23:19:37 PAGE 3   

 117   1        Temp = DS1302_ReaedByte(DS1302_DATE);
 118   1        DS1302_Time[2] = Temp/16*10+Temp%16;
 119   1        Temp = DS1302_ReaedByte(DS1302_HOUR);
 120   1        DS1302_Time[3] = Temp/16*10+Temp%16;
 121   1        Temp = DS1302_ReaedByte(DS1302_MINUTE);
 122   1        DS1302_Time[4] = Temp/16*10+Temp%16;
 123   1        Temp = DS1302_ReaedByte(DS1302_SECOND);
 124   1        DS1302_Time[5] = Temp/16*10+Temp%16;
 125   1        Temp = DS1302_ReaedByte(DS1302_DAY);
 126   1        DS1302_Time[6] = Temp/16*10+Temp%16;
 127   1      }


MODULE INFORMATION:   STATIC OVERLAYABLE
   CODE SIZE        =    587    ----
   CONSTANT SIZE    =   ----    ----
   XDATA SIZE       =   ----    ----
   PDATA SIZE       =   ----    ----
   DATA SIZE        =      7       2
   IDATA SIZE       =   ----    ----
   BIT SIZE         =   ----    ----
END OF MODULE INFORMATION.


C51 COMPILATION COMPLETE.  0 WARNING(S),  0 ERROR(S)
