C51 COMPILER V9.59.0.0   MAIN                                                              01/24/2023 18:38:46 PAGE 1   


C51 COMPILER V9.59.0.0, COMPILATION OF MODULE MAIN
OBJECT MODULE PLACED IN .\Objects\main.obj
COMPILER INVOKED BY: D:\harddevelopment\keilC51\C51\BIN\C51.EXE main.c OPTIMIZE(8,SPEED) BROWSE DEBUG OBJECTEXTEND PRINT
                    -(.\Listings\main.lst) TABS(2) OBJECT(.\Objects\main.obj)

line level    source

   1          #include <REGX52.H>
   2          #include "Delay.h"
   3          #include "Nixie.h"
   4          #include "LCD1602.h"
   5          #include "MatrixKey.h"
   6          
   7          unsigned char KeyNum;
   8          
   9          main(){
  10   1        LCD_Init();
  11   1        LCD_ShowString(1,1,"MatrixKey");
  12   1      
  13   1        while(1){
  14   2          KeyNum = MatrixKey();
  15   2          if(KeyNum){
  16   3            LCD_ShowNum(2,1,KeyNum,2);
  17   3          }
  18   2        }
  19   1      }


MODULE INFORMATION:   STATIC OVERLAYABLE
   CODE SIZE        =     40    ----
   CONSTANT SIZE    =     10    ----
   XDATA SIZE       =   ----    ----
   PDATA SIZE       =   ----    ----
   DATA SIZE        =      1    ----
   IDATA SIZE       =   ----    ----
   BIT SIZE         =   ----    ----
END OF MODULE INFORMATION.


C51 COMPILATION COMPLETE.  0 WARNING(S),  0 ERROR(S)
