C51 COMPILER V9.59.0.0   MATRIXKEY                                                         01/24/2023 17:54:01 PAGE 1   


C51 COMPILER V9.59.0.0, COMPILATION OF MODULE MATRIXKEY
OBJECT MODULE PLACED IN .\Objects\MatrixKey.obj
COMPILER INVOKED BY: D:\harddevelopment\keilC51\C51\BIN\C51.EXE MatrixKey.c OPTIMIZE(8,SPEED) BROWSE DEBUG OBJECTEXTEND 
                    -PRINT(.\Listings\MatrixKey.lst) TABS(2) OBJECT(.\Objects\MatrixKey.obj)

line level    source

   1          #include <REGX52.H>
   2          #include "Delay.h"
   3          
   4          
   5          unsigned char MatrixKey(){
   6   1      
   7   1        unsigned char KeyNumber = 0;
   8   1        
   9   1        P1=0xFF;
  10   1        P1_3=0;
  11   1        if(P1_7==0){Delay(20);while(P1_7==0);Delay(20);KeyNumber=1;}
  12   1        if(P1_6==0){Delay(20);while(P1_7==0);Delay(20);KeyNumber=5;}
  13   1        if(P1_5==0){Delay(20);while(P1_7==0);Delay(20);KeyNumber=9;}
  14   1        if(P1_4==0){Delay(20);while(P1_7==0);Delay(20);KeyNumber=13;}
  15   1        
  16   1        P1=0xFF;
  17   1        P1_2=0;
  18   1        if(P1_7==0){Delay(20);while(P1_7==0);Delay(20);KeyNumber=2;}
  19   1        if(P1_6==0){Delay(20);while(P1_7==0);Delay(20);KeyNumber=6;}
  20   1        if(P1_5==0){Delay(20);while(P1_7==0);Delay(20);KeyNumber=10;}
  21   1        if(P1_4==0){Delay(20);while(P1_7==0);Delay(20);KeyNumber=14;}
  22   1        
  23   1        P1=0xFF;
  24   1        P1_1=0;
  25   1        if(P1_7==0){Delay(20);while(P1_7==0);Delay(20);KeyNumber=3;}
  26   1        if(P1_6==0){Delay(20);while(P1_7==0);Delay(20);KeyNumber=7;}
  27   1        if(P1_5==0){Delay(20);while(P1_7==0);Delay(20);KeyNumber=11;}
  28   1        if(P1_4==0){Delay(20);while(P1_7==0);Delay(20);KeyNumber=15;}
  29   1        
  30   1        P1=0xFF;
  31   1        P1_0=0;
  32   1        if(P1_7==0){Delay(20);while(P1_7==0);Delay(20);KeyNumber=4;}
  33   1        if(P1_6==0){Delay(20);while(P1_7==0);Delay(20);KeyNumber=8;}
  34   1        if(P1_5==0){Delay(20);while(P1_7==0);Delay(20);KeyNumber=12;}
  35   1        if(P1_4==0){Delay(20);while(P1_7==0);Delay(20);KeyNumber=16;}
  36   1        
  37   1        return KeyNumber;
  38   1      
  39   1      }


MODULE INFORMATION:   STATIC OVERLAYABLE
   CODE SIZE        =    393    ----
   CONSTANT SIZE    =   ----    ----
   XDATA SIZE       =   ----    ----
   PDATA SIZE       =   ----    ----
   DATA SIZE        =   ----       1
   IDATA SIZE       =   ----    ----
   BIT SIZE         =   ----    ----
END OF MODULE INFORMATION.


C51 COMPILATION COMPLETE.  0 WARNING(S),  0 ERROR(S)
